\BOOKMARK [0][-]{chapter.1}{Introduction}{}% 1
\BOOKMARK [1][-]{section.1.1}{Motivation}{chapter.1}% 2
\BOOKMARK [1][-]{section.1.2}{The Intelligent Image}{chapter.1}% 3
\BOOKMARK [1][-]{section.1.3}{Road Map}{chapter.1}% 4
\BOOKMARK [0][-]{chapter.2}{Background}{}% 5
\BOOKMARK [0][-]{chapter.3}{Data}{}% 6
\BOOKMARK [1][-]{section.3.1}{Model Images}{chapter.3}% 7
\BOOKMARK [2][-]{subsection.3.1.1}{Data Acquisition}{section.3.1}% 8
\BOOKMARK [1][-]{section.3.2}{Augmentation Images}{chapter.3}% 9
\BOOKMARK [2][-]{subsection.3.2.1}{Data Acquisition}{section.3.2}% 10
\BOOKMARK [1][-]{section.3.3}{Test Images}{chapter.3}% 11
\BOOKMARK [2][-]{subsection.3.3.1}{Data Acquisition}{section.3.3}% 12
\BOOKMARK [2][-]{subsection.3.3.2}{Performance Measure}{section.3.3}% 13
\BOOKMARK [0][-]{chapter.4}{Baseline system}{}% 14
\BOOKMARK [1][-]{section.4.1}{Feature Detection and Description}{chapter.4}% 15
\BOOKMARK [1][-]{section.4.2}{Visual Words}{chapter.4}% 16
\BOOKMARK [1][-]{section.4.3}{Histograms}{chapter.4}% 17
\BOOKMARK [1][-]{section.4.4}{Spatial Verification}{chapter.4}% 18
\BOOKMARK [1][-]{section.4.5}{Multiple Object Matching}{chapter.4}% 19
\BOOKMARK [1][-]{section.4.6}{Performance}{chapter.4}% 20
\BOOKMARK [0][-]{chapter.5}{Geometric and Descriptor Improvements}{}% 21
\BOOKMARK [1][-]{section.5.1}{NOSAC}{chapter.5}% 22
\BOOKMARK [1][-]{section.5.2}{Affine Invariant Detector}{chapter.5}% 23
\BOOKMARK [1][-]{section.5.3}{RootSIFT}{chapter.5}% 24
\BOOKMARK [1][-]{section.5.4}{Results}{chapter.5}% 25
\BOOKMARK [0][-]{chapter.6}{Augmentation Improvements}{}% 26
\BOOKMARK [1][-]{section.6.1}{Motivation}{chapter.6}% 27
\BOOKMARK [1][-]{section.6.2}{Database Augmentation}{chapter.6}% 28
\BOOKMARK [1][-]{section.6.3}{Turbo-boosting}{chapter.6}% 29
\BOOKMARK [1][-]{section.6.4}{Results and Analysis}{chapter.6}% 30
\BOOKMARK [0][-]{chapter.7}{Implementation}{}% 31
\BOOKMARK [1][-]{section.7.1}{Object Recognition Engine}{chapter.7}% 32
\BOOKMARK [2][-]{subsection.7.1.1}{Database}{section.7.1}% 33
\BOOKMARK [2][-]{subsection.7.1.2}{Image Processing}{section.7.1}% 34
\BOOKMARK [2][-]{subsection.7.1.3}{Distributed Pre-computation}{section.7.1}% 35
\BOOKMARK [1][-]{section.7.2}{Web Application}{chapter.7}% 36
\BOOKMARK [2][-]{subsection.7.2.1}{Front-end}{section.7.2}% 37
\BOOKMARK [2][-]{subsection.7.2.2}{Back-end}{section.7.2}% 38
\BOOKMARK [1][-]{section.7.3}{Python-MATLAB Bridge}{chapter.7}% 39
\BOOKMARK [1][-]{section.7.4}{Examples}{chapter.7}% 40
\BOOKMARK [0][-]{chapter.8}{Summary}{}% 41
